Starting audit...
[ERROR] /Users/apple/6047_ADS1/ADS-1-practice/m12/Assignment-1/Student.java:0: File does not end with a newline. [NewlineAtEndOfFile]
[ERROR] /Users/apple/6047_ADS1/ADS-1-practice/m12/Assignment-1/Student.java:4:45: '>' is followed by an illegal character. [GenericWhitespace]
[ERROR] /Users/apple/6047_ADS1/ADS-1-practice/m12/Assignment-1/Student.java:4:45: '{' is not preceded with whitespace. [WhitespaceAround]
[ERROR] /Users/apple/6047_ADS1/ADS-1-practice/m12/Assignment-1/Student.java:5:1: File contains tab characters (this is the first instance). [FileTabCharacter]
[ERROR] /Users/apple/6047_ADS1/ADS-1-practice/m12/Assignment-1/Student.java:5:9: Missing a Javadoc comment. [JavadocVariable]
[ERROR] /Users/apple/6047_ADS1/ADS-1-practice/m12/Assignment-1/Student.java:6:9: Missing a Javadoc comment. [JavadocVariable]
[ERROR] /Users/apple/6047_ADS1/ADS-1-practice/m12/Assignment-1/Student.java:7:9: Missing a Javadoc comment. [JavadocVariable]
[ERROR] /Users/apple/6047_ADS1/ADS-1-practice/m12/Assignment-1/Student.java:8:9: Missing a Javadoc comment. [JavadocVariable]
[ERROR] /Users/apple/6047_ADS1/ADS-1-practice/m12/Assignment-1/Student.java:9:9: Missing a Javadoc comment. [JavadocVariable]
[ERROR] /Users/apple/6047_ADS1/ADS-1-practice/m12/Assignment-1/Student.java:10:9: Missing a Javadoc comment. [JavadocVariable]
[ERROR] /Users/apple/6047_ADS1/ADS-1-practice/m12/Assignment-1/Student.java:11:9: Missing a Javadoc comment. [JavadocVariable]
[ERROR] /Users/apple/6047_ADS1/ADS-1-practice/m12/Assignment-1/Student.java:13:9: Missing a Javadoc comment. [JavadocMethod]
[ERROR] /Users/apple/6047_ADS1/ADS-1-practice/m12/Assignment-1/Student.java:14: Line is longer than 80 characters (found 82). [LineLength]
[ERROR] /Users/apple/6047_ADS1/ADS-1-practice/m12/Assignment-1/Student.java:25:9: Missing a Javadoc comment. [JavadocMethod]
[ERROR] /Users/apple/6047_ADS1/ADS-1-practice/m12/Assignment-1/Student.java:29:9: Missing a Javadoc comment. [JavadocMethod]
[ERROR] /Users/apple/6047_ADS1/ADS-1-practice/m12/Assignment-1/Student.java:33:9: Missing a Javadoc comment. [JavadocMethod]
[ERROR] /Users/apple/6047_ADS1/ADS-1-practice/m12/Assignment-1/Student.java:37:9: Missing a Javadoc comment. [JavadocMethod]
[ERROR] /Users/apple/6047_ADS1/ADS-1-practice/m12/Assignment-1/Student.java:37:30: Parameter stud should be final. [FinalParameters]
Audit done.
Checkstyle ends with 18 errors.
